{
  "stats": {
    "suites": 1,
    "tests": 2,
    "passes": 2,
    "pending": 0,
    "failures": 0,
    "start": "2022-04-20T18:39:38.950Z",
    "end": "2022-04-20T18:39:55.343Z",
    "duration": 16393,
    "testsRegistered": 2,
    "passPercent": 100,
    "pendingPercent": 0,
    "other": 0,
    "hasOther": false,
    "skipped": 0,
    "hasSkipped": false
  },
  "results": [
    {
      "uuid": "0871cb31-fd23-42a6-b05c-cff19c20bd23",
      "title": "",
      "fullFile": "cypress/integration/Test.Automation.js",
      "file": "cypress/integration/Test.Automation.js",
      "beforeHooks": [],
      "afterHooks": [],
      "tests": [],
      "suites": [
        {
          "uuid": "70f354da-cdcf-41b4-978c-a3b4d7efb8e3",
          "title": "Test Login Functionality Report",
          "fullFile": "",
          "file": "",
          "beforeHooks": [],
          "afterHooks": [],
          "tests": [
            {
              "title": "Should Open Application And Login To Website",
              "fullTitle": "Test Login Functionality Report Should Open Application And Login To Website",
              "timedOut": null,
              "duration": 12844,
              "state": "passed",
              "speed": "slow",
              "pass": true,
              "fail": false,
              "pending": false,
              "context": null,
              "code": "",
              "err": {},
              "uuid": "212f4684-ce81-43c7-92db-a6713144051a",
              "parentUUID": "70f354da-cdcf-41b4-978c-a3b4d7efb8e3",
              "isHook": false,
              "skipped": false
            },
            {
              "title": "Should Open Application And Failed To Login On Website",
              "fullTitle": "Test Login Functionality Report Should Open Application And Failed To Login On Website",
              "timedOut": null,
              "duration": 3516,
              "state": "passed",
              "speed": "fast",
              "pass": true,
              "fail": false,
              "pending": false,
              "context": null,
              "code": "",
              "err": {},
              "uuid": "eafb54e4-81c0-4998-afc0-2040f6a60d46",
              "parentUUID": "70f354da-cdcf-41b4-978c-a3b4d7efb8e3",
              "isHook": false,
              "skipped": false
            }
          ],
          "suites": [],
          "passes": [
            "212f4684-ce81-43c7-92db-a6713144051a",
            "eafb54e4-81c0-4998-afc0-2040f6a60d46"
          ],
          "failures": [],
          "pending": [],
          "skipped": [],
          "duration": 16360,
          "root": false,
          "rootEmpty": false,
          "_timeout": 2000
        }
      ],
      "passes": [],
      "failures": [],
      "pending": [],
      "skipped": [],
      "duration": 0,
      "root": true,
      "rootEmpty": true,
      "_timeout": 2000
    }
  ],
  "meta": {
    "mocha": {
      "version": "7.0.1"
    },
    "mochawesome": {
      "options": {
        "quiet": false,
        "reportFilename": "Training_Part_1",
        "saveHtml": true,
        "saveJson": true,
        "consoleReporter": "spec",
        "useInlineDiffs": false,
        "code": false
      },
      "version": "7.1.3"
    },
    "marge": {
      "options": {
        "code": false,
        "overwrite": true,
        "reportFilename": "Training_Part_1",
        "autoOpen": true
      },
      "version": "6.2.0"
    }
  }
}